<?xml version="1.0" encoding="UTF-8"?>
<testsuite name="ExcecutorTests" tests="1" skipped="0" failures="0" errors="0" timestamp="2023-07-05T22:10:43" hostname="MIKHAIL" time="0.018">
  <properties/>
  <testcase name="withAllMultiplesOfThreeTest()" classname="ExcecutorTests" time="0.018"/>
  <system-out><![CDATA[]]></system-out>
  <system-err><![CDATA[]]></system-err>
</testsuite>
